<?xml version="1.0" encoding="UTF-8"?>
<!-- Generated by org.testng.reporters.JUnitReportReporter -->
<testsuite ignored="0" hostname="totvs" failures="0" tests="1" name="zupDesafio.zupDesafio.ZupDesafioTest" time="7.461" errors="0" timestamp="29 Mar 2020 05:13:09 GMT" skipped="0">
  <testcase classname="zupDesafio.zupDesafio.ZupDesafioTest" name="zupDesafio" time="7.461"/>
</testsuite> <!-- zupDesafio.zupDesafio.ZupDesafioTest -->
